<?xml version="1.0" encoding="UTF-8"?>
<testng-results skipped="0" failed="0" ignored="0" total="1" passed="1">
  <reporter-output>
  </reporter-output>
  <suite name="Default suite" duration-ms="44041" started-at="2020-09-24T16:57:16Z" finished-at="2020-09-24T16:58:00Z">
    <groups>
      <group name="End to End Flow">
        <method signature="TC_TricentisAppAutomationForPlanit.TC_PlanitAutomationTestForTricentisApp()[pri:0, instance:com.tricentis.webtestcases.TC_TricentisAppAutomationForPlanit@1ce92674]" name="TC_PlanitAutomationTestForTricentisApp" class="com.tricentis.webtestcases.TC_TricentisAppAutomationForPlanit"/>
      </group> <!-- End to End Flow -->
      <group name="regression">
        <method signature="TC_TricentisAppAutomationForPlanit.TC_PlanitAutomationTestForTricentisApp()[pri:0, instance:com.tricentis.webtestcases.TC_TricentisAppAutomationForPlanit@1ce92674]" name="TC_PlanitAutomationTestForTricentisApp" class="com.tricentis.webtestcases.TC_TricentisAppAutomationForPlanit"/>
      </group> <!-- regression -->
      <group name="Web Application">
        <method signature="TC_TricentisAppAutomationForPlanit.TC_PlanitAutomationTestForTricentisApp()[pri:0, instance:com.tricentis.webtestcases.TC_TricentisAppAutomationForPlanit@1ce92674]" name="TC_PlanitAutomationTestForTricentisApp" class="com.tricentis.webtestcases.TC_TricentisAppAutomationForPlanit"/>
      </group> <!-- Web Application -->
    </groups>
    <test name="Default test" duration-ms="44041" started-at="2020-09-24T16:57:16Z" finished-at="2020-09-24T16:58:00Z">
      <class name="com.tricentis.webtestcases.TC_TricentisAppAutomationForPlanit">
        <test-method status="PASS" signature="TC_PlanitAutomationTestForTricentisApp()[pri:0, instance:com.tricentis.webtestcases.TC_TricentisAppAutomationForPlanit@1ce92674]" name="TC_PlanitAutomationTestForTricentisApp" duration-ms="42620" started-at="2020-09-24T22:27:16Z" description="Planit Assignment Test" finished-at="2020-09-24T22:27:58Z">
          <reporter-output>
          </reporter-output>
        </test-method> <!-- TC_PlanitAutomationTestForTricentisApp -->
      </class> <!-- com.tricentis.webtestcases.TC_TricentisAppAutomationForPlanit -->
    </test> <!-- Default test -->
  </suite> <!-- Default suite -->
</testng-results>
